<?xml version="1.0" encoding="UTF-8"?>
<!-- Generated by org.testng.reporters.JUnitReportReporter -->
<testsuite hostname="QT-INBG-LT0143" failures="0" tests="1" name="TestFramework.ListAllTweets5" time="3.922" errors="0" timestamp="7 Apr 2021 08:25:35 GMT">
  <testcase classname="TestFramework.ListAllTweets5" name="getUserTweets" time="3.922"/>
</testsuite> <!-- TestFramework.ListAllTweets5 -->
