<?xml version="1.0" encoding="UTF-8"?>
<!-- Generated by org.testng.reporters.JUnitReportReporter -->
<testsuite hostname="QT-INBG-LT0143" failures="0" tests="1" name="TestFramework.WeatherUpdate4" time="5.042" errors="0" timestamp="7 Apr 2021 13:01:54 GMT">
  <testcase classname="TestFramework.WeatherUpdate4" name="Weather" time="5.042"/>
</testsuite> <!-- TestFramework.WeatherUpdate4 -->
