<?xml version="1.0" encoding="UTF-8"?>
<!-- Generated by org.testng.reporters.JUnitReportReporter -->
<testsuite hostname="QT-INBG-LT0143" failures="0" tests="1" name="TestFramework.UsernameTweetText3" time="3.938" errors="0" timestamp="7 Apr 2021 13:00:36 GMT">
  <testcase classname="TestFramework.UsernameTweetText3" name="displayusername_tweet" time="3.938"/>
</testsuite> <!-- TestFramework.UsernameTweetText3 -->
