<?xml version="1.0" encoding="UTF-8"?>
<!-- Generated by org.testng.reporters.JUnitReportReporter -->
<testsuite hostname="QT-INBG-LT0143" failures="0" tests="2" name="TestFramework.twitter" time="6.670" errors="0" timestamp="7 Apr 2021 05:31:59 GMT">
  <testcase classname="TestFramework.twitter" name="getTweet" time="1.862"/>
  <testcase classname="TestFramework.twitter" name="CreateTweet" time="4.808"/>
</testsuite> <!-- TestFramework.twitter -->
