<?xml version="1.0" encoding="UTF-8"?>
<!-- Generated by org.testng.reporters.JUnitReportReporter -->
<testsuite hostname="QT-INBG-LT0143" failures="0" tests="1" name="TestFramework.WeatherUpdate" time="3.857" errors="0" timestamp="7 Apr 2021 10:55:35 GMT">
  <testcase classname="TestFramework.WeatherUpdate" name="Weather" time="3.857"/>
</testsuite> <!-- TestFramework.WeatherUpdate -->
