<?xml version="1.0" encoding="UTF-8"?>
<!-- Generated by org.testng.reporters.JUnitReportReporter -->
<testsuite hostname="QT-INBG-LT0143" failures="0" tests="1" name="TestFramework.BlockUser8" time="4.856" errors="0" timestamp="7 Apr 2021 12:51:06 GMT">
  <testcase classname="TestFramework.BlockUser8" name="block_user" time="4.856"/>
</testsuite> <!-- TestFramework.BlockUser8 -->
