<?xml version="1.0" encoding="UTF-8"?>
<!-- Generated by org.testng.reporters.JUnitReportReporter -->
<testsuite hostname="QT-INBG-LT0143" failures="0" tests="4" name="TestFramework.TrendingHashTags6" time="6.301" errors="0" timestamp="7 Apr 2021 12:49:44 GMT">
  <testcase classname="TestFramework.TrendingHashTags6" name="trending_HashTag" time="1.568"/>
  <testcase classname="TestFramework.TrendingHashTags6" name="trending_HashTag" time="0.555"/>
  <testcase classname="TestFramework.TrendingHashTags6" name="trending_HashTag" time="3.591"/>
  <testcase classname="TestFramework.TrendingHashTags6" name="trending_HashTag" time="0.587"/>
</testsuite> <!-- TestFramework.TrendingHashTags6 -->
